{
  "Cucumber Features": {
    "coverage": {
      "/Users/mehdi/workspace/UCB/focus-lca-webapp/config/environment.rb": [
        null,
        1,
        null,
        null,
        1
      ],
      "/Users/mehdi/workspace/UCB/focus-lca-webapp/config/application.rb": [
        1,
        null,
        1,
        null,
        1,
        1,
        1,
        1,
        1,
        1,
        1,
        1,
        null,
        null,
        null,
        null,
        1,
        null,
        1,
        1,
        null,
        null,
        null,
        null,
        null
      ],
      "/Users/mehdi/workspace/UCB/focus-lca-webapp/config/boot.rb": [
        1,
        null,
        1
      ],
      "/Users/mehdi/workspace/UCB/focus-lca-webapp/config/environments/test.rb": [
        1,
        null,
        null,
        null,
        null,
        null,
        null,
        1,
        null,
        null,
        null,
        null,
        1,
        null,
        null,
        1,
        1,
        null,
        null,
        null,
        null,
        1,
        1,
        null,
        null,
        1,
        null,
        null,
        1,
        1,
        null,
        null,
        null,
        null,
        1,
        null,
        null,
        1,
        null,
        null,
        null,
        null
      ],
      "/Users/mehdi/workspace/UCB/focus-lca-webapp/config/initializers/application_controller_renderer.rb": [
        null,
        null,
        null,
        null,
        null,
        null
      ],
      "/Users/mehdi/workspace/UCB/focus-lca-webapp/config/initializers/assets.rb": [
        null,
        null,
        null,
        1,
        null,
        1,
        1,
        null,
        null,
        null,
        null,
        null,
        null,
        null
      ],
      "/Users/mehdi/workspace/UCB/focus-lca-webapp/config/initializers/backtrace_silencers.rb": [
        null,
        null,
        null,
        null,
        null,
        null,
        null
      ],
      "/Users/mehdi/workspace/UCB/focus-lca-webapp/config/initializers/cookies_serializer.rb": [
        null,
        null,
        null,
        null,
        1
      ],
      "/Users/mehdi/workspace/UCB/focus-lca-webapp/config/initializers/devise.rb": [
        null,
        null,
        1,
        null,
        null,
        null,
        null,
        null,
        null,
        null,
        null,
        null,
        null,
        null,
        1,
        null,
        null,
        null,
        null,
        null,
        null,
        null,
        null,
        null,
        null,
        null,
        1,
        null,
        null,
        null,
        null,
        null,
        null,
        null,
        null,
        null,
        null,
        null,
        null,
        null,
        null,
        null,
        null,
        null,
        null,
        null,
        null,
        null,
        1,
        null,
        null,
        null,
        null,
        1,
        null,
        null,
        null,
        null,
        null,
        null,
        null,
        null,
        null,
        null,
        null,
        null,
        null,
        null,
        null,
        null,
        null,
        null,
        null,
        null,
        null,
        null,
        null,
        null,
        null,
        null,
        null,
        null,
        null,
        null,
        1,
        null,
        null,
        null,
        null,
        null,
        null,
        null,
        null,
        null,
        null,
        null,
        null,
        null,
        null,
        null,
        null,
        null,
        null,
        null,
        null,
        null,
        null,
        1,
        null,
        null,
        null,
        null,
        null,
        null,
        null,
        null,
        null,
        null,
        null,
        null,
        null,
        null,
        null,
        null,
        null,
        null,
        null,
        null,
        null,
        null,
        null,
        null,
        null,
        null,
        null,
        1,
        null,
        null,
        null,
        null,
        null,
        null,
        null,
        null,
        null,
        1,
        null,
        null,
        null,
        null,
        null,
        null,
        null,
        null,
        null,
        null,
        1,
        null,
        null,
        null,
        null,
        1,
        null,
        null,
        null,
        null,
        null,
        null,
        null,
        null,
        null,
        null,
        null,
        null,
        null,
        null,
        null,
        null,
        null,
        null,
        null,
        null,
        null,
        null,
        null,
        null,
        null,
        null,
        null,
        null,
        null,
        null,
        null,
        null,
        null,
        null,
        null,
        null,
        null,
        null,
        null,
        null,
        1,
        null,
        null,
        null,
        null,
        null,
        null,
        null,
        null,
        null,
        null,
        null,
        null,
        null,
        null,
        null,
        null,
        null,
        null,
        null,
        null,
        null,
        null,
        null,
        null,
        null,
        null,
        null,
        null,
        null,
        null,
        null,
        null,
        null,
        null,
        null,
        null,
        null,
        null,
        null,
        null,
        null,
        1,
        null,
        null,
        null,
        null,
        null,
        null,
        null,
        null,
        null,
        null,
        null,
        null,
        null,
        null,
        null,
        null,
        null,
        null,
        null,
        null,
        null,
        null,
        null,
        null,
        null,
        null,
        null,
        null,
        null
      ],
      "/Users/mehdi/workspace/UCB/focus-lca-webapp/config/initializers/filter_parameter_logging.rb": [
        null,
        null,
        null,
        1
      ],
      "/Users/mehdi/workspace/UCB/focus-lca-webapp/config/initializers/inflections.rb": [
        null,
        null,
        null,
        null,
        null,
        null,
        null,
        null,
        null,
        null,
        null,
        null,
        null,
        null,
        null,
        null
      ],
      "/Users/mehdi/workspace/UCB/focus-lca-webapp/config/initializers/mime_types.rb": [
        null,
        null,
        null,
        null
      ],
      "/Users/mehdi/workspace/UCB/focus-lca-webapp/config/initializers/new_framework_defaults.rb": [
        null,
        null,
        null,
        null,
        null,
        null,
        null,
        1,
        null,
        null,
        1,
        null,
        null,
        null,
        1,
        null,
        null,
        1,
        null,
        null,
        1,
        null,
        null,
        1
      ],
      "/Users/mehdi/workspace/UCB/focus-lca-webapp/config/initializers/session_store.rb": [
        null,
        null,
        1
      ],
      "/Users/mehdi/workspace/UCB/focus-lca-webapp/config/initializers/wrap_parameters.rb": [
        null,
        null,
        null,
        null,
        null,
        null,
        1,
        2,
        null,
        null,
        null,
        null,
        null,
        null
      ],
      "/Users/mehdi/workspace/UCB/focus-lca-webapp/config/routes.rb": [
        1,
        null,
        1,
        null,
        1,
        null,
        null,
        1,
        1,
        1,
        1,
        1,
        1,
        null,
        null
      ],
      "/Users/mehdi/workspace/UCB/focus-lca-webapp/features/support/paths.rb": [
        null,
        null,
        null,
        null,
        null,
        1,
        null,
        null,
        null,
        null,
        null,
        null,
        1,
        3,
        null,
        null,
        2,
        null,
        null,
        1,
        null,
        null,
        null,
        null,
        null,
        null,
        null,
        null,
        0,
        0,
        0,
        0,
        0,
        0,
        null,
        null,
        null,
        null,
        null,
        null,
        1
      ],
      "/Users/mehdi/workspace/UCB/focus-lca-webapp/features/support/selectors.rb": [
        null,
        null,
        null,
        null,
        null,
        1,
        null,
        null,
        null,
        null,
        null,
        null,
        1,
        0,
        null,
        null,
        0,
        null,
        null,
        null,
        null,
        null,
        null,
        null,
        null,
        null,
        null,
        null,
        null,
        null,
        null,
        null,
        null,
        null,
        0,
        null,
        null,
        0,
        null,
        null,
        null,
        null,
        null,
        1
      ],
      "/Users/mehdi/workspace/UCB/focus-lca-webapp/features/step_definitions/homepage_steps.rb": [
        1,
        3,
        null,
        null,
        null,
        1,
        18,
        162,
        null,
        null,
        null,
        1,
        18,
        108,
        null,
        null,
        null,
        1,
        3,
        3,
        null,
        null,
        null,
        null,
        1,
        0,
        0,
        0,
        null
      ],
      "/Users/mehdi/workspace/UCB/focus-lca-webapp/features/step_definitions/lca_steps.rb": [
        1,
        1,
        1,
        1,
        null,
        1,
        1,
        0,
        null,
        null,
        1,
        null,
        1,
        3,
        null
      ],
      "/Users/mehdi/workspace/UCB/focus-lca-webapp/features/step_definitions/login_steps.rb": [
        null,
        1,
        21,
        21,
        null,
        null,
        null,
        1,
        5,
        null,
        null,
        1,
        14,
        null,
        null,
        1,
        1,
        null,
        null,
        1,
        1,
        null,
        null,
        1,
        2,
        null
      ],
      "/Users/mehdi/workspace/UCB/focus-lca-webapp/features/step_definitions/materials_steps.rb": [
        1,
        0,
        null,
        null,
        null
      ],
      "/Users/mehdi/workspace/UCB/focus-lca-webapp/features/step_definitions/sub_assembly.rb": [
        1,
        null,
        null,
        null,
        1,
        null,
        null,
        null,
        1,
        null,
        null,
        null,
        1,
        null,
        null,
        null,
        1,
        null,
        null
      ],
      "/Users/mehdi/workspace/UCB/focus-lca-webapp/features/step_definitions/web_steps.rb": [
        null,
        null,
        null,
        null,
        null,
        null,
        null,
        null,
        null,
        null,
        null,
        null,
        null,
        null,
        null,
        null,
        null,
        null,
        null,
        null,
        null,
        1,
        1,
        1,
        1,
        null,
        1,
        1,
        0,
        null,
        null,
        1,
        null,
        null,
        1,
        0,
        null,
        null,
        null,
        1,
        0,
        null,
        null,
        null,
        null,
        null,
        null,
        1,
        0,
        null,
        null,
        1,
        17,
        null,
        null,
        1,
        6,
        null,
        null,
        1,
        54,
        null,
        null,
        1,
        0,
        null,
        null,
        null,
        null,
        null,
        null,
        null,
        null,
        null,
        null,
        null,
        null,
        null,
        1,
        0,
        0,
        null,
        null,
        null,
        1,
        0,
        null,
        null,
        1,
        0,
        null,
        null,
        1,
        0,
        null,
        null,
        1,
        0,
        null,
        null,
        1,
        0,
        null,
        null,
        1,
        58,
        58,
        null,
        0,
        null,
        null,
        null,
        1,
        0,
        null,
        0,
        0,
        null,
        0,
        null,
        null,
        null,
        1,
        4,
        4,
        null,
        0,
        null,
        null,
        null,
        1,
        0,
        null,
        0,
        0,
        null,
        0,
        null,
        null,
        null,
        1,
        0,
        0,
        0,
        0,
        0,
        null,
        0,
        null,
        null,
        null,
        null,
        1,
        0,
        0,
        0,
        0,
        0,
        null,
        0,
        null,
        null,
        null,
        null,
        1,
        0,
        0,
        null,
        0,
        0,
        0,
        null,
        0,
        0,
        null,
        0,
        null,
        null,
        0,
        0,
        0,
        0,
        null,
        0,
        null,
        null,
        0,
        0,
        0,
        null,
        0,
        null,
        null,
        null,
        null,
        1,
        0,
        0,
        0,
        0,
        0,
        null,
        0,
        0,
        null,
        null,
        null,
        1,
        0,
        0,
        0,
        0,
        null,
        0,
        null,
        null,
        null,
        null,
        1,
        0,
        0,
        0,
        0,
        null,
        0,
        null,
        null,
        null,
        null,
        1,
        3,
        3,
        3,
        null,
        0,
        null,
        null,
        null,
        1,
        0,
        0,
        0,
        0,
        null,
        0,
        0,
        null,
        0,
        null,
        null,
        null,
        1,
        0,
        null
      ],
      "/Users/mehdi/workspace/UCB/focus-lca-webapp/app/models/user.rb": [
        null,
        1,
        1,
        1,
        null,
        null,
        null,
        1,
        1,
        null,
        1,
        1,
        1,
        1,
        null,
        1,
        null,
        1,
        35,
        null,
        null,
        1,
        13,
        null,
        null,
        1,
        0,
        0,
        0,
        null,
        0,
        null,
        null,
        1,
        24,
        null,
        null,
        1,
        47,
        22,
        null,
        25,
        null,
        null,
        null,
        1,
        null,
        1,
        35,
        null,
        null,
        1,
        22,
        null,
        null,
        1,
        null,
        1,
        22,
        22,
        null,
        null,
        1,
        null,
        1,
        0,
        0,
        0,
        null,
        0,
        null,
        null,
        null,
        null
      ],
      "/Users/mehdi/workspace/UCB/focus-lca-webapp/app/models/application_record.rb": [
        1,
        1,
        null
      ],
      "/Users/mehdi/workspace/UCB/focus-lca-webapp/app/models/material.rb": [
        1,
        null,
        1,
        1,
        null,
        1,
        null,
        0,
        null,
        null,
        1,
        17,
        null,
        null
      ],
      "/Users/mehdi/workspace/UCB/focus-lca-webapp/app/models/procedure.rb": [
        1,
        1,
        null,
        1,
        null,
        0,
        null,
        null,
        1,
        17,
        null,
        null
      ],
      "/Users/mehdi/workspace/UCB/focus-lca-webapp/app/controllers/users_controller.rb": [
        1,
        null,
        1,
        null,
        null,
        1,
        6,
        0,
        null,
        6,
        null,
        null,
        null,
        1,
        2,
        2,
        2,
        2,
        2,
        null,
        null,
        1,
        9,
        0,
        null,
        9,
        null,
        9,
        4,
        3,
        3,
        3,
        1,
        1,
        1,
        1,
        null,
        2,
        2,
        2,
        1,
        null,
        2,
        1,
        null,
        2,
        null,
        null,
        1,
        null,
        null,
        null,
        null,
        1,
        27,
        0,
        null,
        27,
        null,
        27,
        13,
        13,
        12,
        12,
        null,
        1,
        null,
        null,
        null,
        null,
        null,
        1,
        null,
        1,
        3,
        null,
        null,
        1,
        0,
        null,
        null,
        null
      ],
      "/Users/mehdi/workspace/UCB/focus-lca-webapp/app/controllers/application_controller.rb": [
        1,
        1,
        null
      ],
      "/Users/mehdi/workspace/UCB/focus-lca-webapp/app/helpers/application_helper.rb": [
        1,
        null
      ],
      "/Users/mehdi/workspace/UCB/focus-lca-webapp/app/helpers/model_helper.rb": [
        1,
        null
      ],
      "/Users/mehdi/workspace/UCB/focus-lca-webapp/app/helpers/users_helper.rb": [
        1,
        null
      ],
      "/Users/mehdi/workspace/UCB/focus-lca-webapp/app/controllers/model_controller.rb": [
        1,
        1,
        null,
        17,
        2,
        null,
        2,
        null,
        null,
        null,
        15,
        null,
        null,
        17,
        17,
        17,
        17,
        17,
        null,
        0,
        0,
        null,
        null,
        17,
        1,
        0,
        0,
        null,
        1,
        1,
        1,
        null,
        null,
        null,
        107,
        107,
        null,
        17,
        140,
        null,
        null,
        17,
        20,
        210,
        null,
        null,
        null,
        null,
        null,
        null,
        1,
        null,
        0,
        null,
        0,
        0,
        0,
        0,
        null,
        0,
        null,
        null,
        0,
        null,
        0,
        0,
        null,
        null,
        0,
        null,
        null,
        null,
        0,
        null,
        0,
        null,
        0,
        null,
        0,
        0,
        null,
        null,
        null,
        0,
        0,
        null,
        null,
        null
      ],
      "/Users/mehdi/workspace/UCB/focus-lca-webapp/app/models/assembly.rb": [
        1,
        1,
        1,
        null
      ]
    },
    "timestamp": 1501137054
  },
  "RSpec": {
    "coverage": {
      "/Users/mehdi/workspace/UCB/focus-lca-webapp/app/controllers/model_controller.rb": [
        1,
        1,
        null,
        0,
        0,
        null,
        0,
        null,
        null,
        null,
        0,
        null,
        null,
        0,
        0,
        0,
        0,
        0,
        null,
        0,
        0,
        null,
        null,
        0,
        0,
        0,
        0,
        null,
        0,
        0,
        0,
        null,
        null,
        null,
        0,
        0,
        null,
        0,
        0,
        null,
        null,
        0,
        0,
        0,
        null,
        null,
        null,
        null,
        null,
        null,
        1,
        0,
        0,
        0,
        0,
        0,
        null,
        null,
        null,
        0,
        0,
        0,
        null,
        0,
        null,
        null,
        0,
        0,
        0,
        null,
        0,
        0,
        null,
        null,
        null,
        null
      ],
      "/Users/mehdi/workspace/UCB/focus-lca-webapp/app/controllers/application_controller.rb": [
        1,
        1,
        null
      ],
      "/Users/mehdi/workspace/UCB/focus-lca-webapp/spec/controllers/users_controller_spec.rb": [
        1,
        null,
        1,
        null,
        null
      ],
      "/Users/mehdi/workspace/UCB/focus-lca-webapp/app/controllers/users_controller.rb": [
        1,
        null,
        1,
        null,
        null,
        1,
        0,
        0,
        null,
        0,
        null,
        null,
        null,
        1,
        0,
        0,
        0,
        0,
        0,
        null,
        null,
        1,
        0,
        0,
        null,
        0,
        null,
        0,
        0,
        0,
        0,
        0,
        0,
        0,
        0,
        0,
        null,
        0,
        0,
        0,
        0,
        null,
        0,
        0,
        null,
        0,
        null,
        null,
        0,
        null,
        null,
        null,
        null,
        1,
        0,
        0,
        null,
        0,
        null,
        0,
        0,
        0,
        0,
        0,
        null,
        0,
        null,
        null,
        null,
        null,
        null,
        1,
        null,
        1,
        0,
        null,
        null,
        1,
        0,
        null,
        null,
        null
      ],
      "/Users/mehdi/workspace/UCB/focus-lca-webapp/spec/helpers/model_helper_spec.rb": [
        1,
        null,
        null,
        null,
        null,
        null,
        null,
        null,
        null,
        null,
        null,
        null,
        1,
        1,
        null
      ],
      "/Users/mehdi/workspace/UCB/focus-lca-webapp/spec/helpers/users_helper_spec.rb": [
        1,
        null,
        null,
        null,
        null,
        null,
        null,
        null,
        null,
        null,
        null,
        null,
        1,
        1,
        null
      ],
      "/Users/mehdi/workspace/UCB/focus-lca-webapp/spec/models/assembly_spec.rb": [
        1,
        null,
        1,
        1,
        null
      ],
      "/Users/mehdi/workspace/UCB/focus-lca-webapp/app/models/assembly.rb": [
        1,
        1,
        1,
        null
      ],
      "/Users/mehdi/workspace/UCB/focus-lca-webapp/app/models/application_record.rb": [
        1,
        1,
        null
      ],
      "/Users/mehdi/workspace/UCB/focus-lca-webapp/spec/models/material_spec.rb": [
        1,
        null,
        1,
        1,
        1,
        1,
        null,
        1,
        1,
        1,
        null,
        null,
        null,
        null,
        1,
        1,
        1,
        1,
        null,
        null,
        null,
        1,
        1,
        1,
        1,
        1,
        null,
        1,
        1,
        1,
        null,
        1,
        1,
        null,
        null,
        null,
        null,
        null
      ],
      "/Users/mehdi/workspace/UCB/focus-lca-webapp/app/models/material.rb": [
        1,
        null,
        1,
        1,
        null,
        1,
        null,
        1,
        null,
        null,
        1,
        2,
        null,
        null
      ],
      "/Users/mehdi/workspace/UCB/focus-lca-webapp/spec/models/part_spec.rb": [
        1,
        null,
        1,
        1,
        1,
        1,
        null,
        1,
        1,
        1,
        null,
        null,
        null,
        null,
        1,
        1,
        1,
        null,
        null
      ],
      "/Users/mehdi/workspace/UCB/focus-lca-webapp/app/models/part.rb": [
        1,
        null,
        1,
        null,
        1,
        null,
        1,
        null,
        null
      ],
      "/Users/mehdi/workspace/UCB/focus-lca-webapp/spec/models/procedure_spec.rb": [
        1,
        null,
        1,
        1,
        1,
        1,
        null,
        1,
        1,
        1,
        null,
        null,
        null,
        1,
        1,
        1,
        null,
        null,
        null,
        null
      ],
      "/Users/mehdi/workspace/UCB/focus-lca-webapp/app/models/procedure.rb": [
        1,
        1,
        null,
        1,
        null,
        1,
        null,
        null,
        1,
        0,
        null,
        null
      ],
      "/Users/mehdi/workspace/UCB/focus-lca-webapp/spec/models/project_spec.rb": [
        1,
        null,
        1,
        1,
        1,
        1,
        null,
        1,
        1,
        1,
        null,
        null,
        null,
        null,
        1,
        1,
        1,
        null,
        null
      ],
      "/Users/mehdi/workspace/UCB/focus-lca-webapp/app/models/project.rb": [
        1,
        1,
        null,
        1,
        null,
        1,
        null,
        1,
        null,
        null,
        null
      ],
      "/Users/mehdi/workspace/UCB/focus-lca-webapp/spec/models/sub_assembly_spec.rb": [
        1,
        null,
        1,
        1,
        1,
        1,
        null,
        1,
        1,
        1,
        null,
        null,
        null,
        null,
        1,
        1,
        1,
        null,
        null
      ],
      "/Users/mehdi/workspace/UCB/focus-lca-webapp/app/models/sub_assembly.rb": [
        1,
        1,
        1,
        null,
        1,
        null,
        1,
        null,
        1,
        null,
        null
      ],
      "/Users/mehdi/workspace/UCB/focus-lca-webapp/spec/models/user_spec.rb": [
        1,
        1,
        null,
        1,
        1,
        1,
        1,
        null,
        null,
        1,
        1,
        1,
        null,
        null,
        null,
        null,
        1,
        1,
        1,
        1,
        1,
        null,
        null,
        null
      ],
      "/Users/mehdi/workspace/UCB/focus-lca-webapp/app/models/user.rb": [
        null,
        1,
        1,
        1,
        null,
        null,
        null,
        1,
        1,
        null,
        1,
        1,
        1,
        1,
        null,
        1,
        null,
        1,
        2,
        null,
        null,
        1,
        1,
        null,
        null,
        1,
        0,
        0,
        0,
        null,
        0,
        null,
        null,
        1,
        4,
        null,
        null,
        1,
        5,
        1,
        null,
        4,
        null,
        null,
        null,
        1,
        null,
        1,
        2,
        null,
        null,
        1,
        1,
        null,
        null,
        1,
        null,
        1,
        1,
        1,
        null,
        null,
        1,
        null,
        1,
        0,
        0,
        0,
        null,
        0,
        null,
        null,
        null,
        null
      ],
      "/Users/mehdi/workspace/UCB/focus-lca-webapp/spec/views/model/index.html.erb_spec.rb": [
        1,
        null,
        1,
        1,
        null
      ]
    },
    "timestamp": 1500421455
  }
}
